----2025-07-08 09:00:24,078---移动端自动化测试框架日志对象---INFO---aaaaa.py:[35]---小说名称模糊查询验证--跳转搜索页面成功
----2025-07-08 09:00:29,846---移动端自动化测试框架日志对象---INFO---aaaaa.py:[51]---小说名称模糊查询验证--验证成功
----2025-07-08 09:01:15,689---移动端自动化测试框架日志对象---INFO---aaaaa.py:[35]---小说作者模糊查询验证--跳转搜索页面成功
----2025-07-08 09:02:39,928---移动端自动化测试框架日志对象---INFO---aaaaa.py:[35]---小说作者精确查询验证--跳转搜索页面成功
----2025-07-08 09:02:45,732---移动端自动化测试框架日志对象---INFO---aaaaa.py:[51]---小说作者精确查询验证--验证成功
----2025-07-08 09:07:57,572---移动端自动化测试框架日志对象---INFO---aaaaa.py:[35]---小说名称模糊查询验证--跳转搜索页面成功
----2025-07-08 09:08:04,565---移动端自动化测试框架日志对象---INFO---aaaaa.py:[56]---小说名称模糊查询验证--点击搜索跳转页面验证成功
----2025-07-08 09:08:46,079---移动端自动化测试框架日志对象---INFO---aaaaa.py:[35]---小说作者模糊查询验证--跳转搜索页面成功
----2025-07-08 09:09:56,942---移动端自动化测试框架日志对象---INFO---aaaaa.py:[35]---小说作者精确查询验证--跳转搜索页面成功
----2025-07-08 09:19:03,584---移动端自动化测试框架日志对象---INFO---aaaaa.py:[34]---小说名称模糊查询验证--点击搜索跳转页面验证成功
----2025-07-08 09:19:09,979---移动端自动化测试框架日志对象---INFO---aaaaa.py:[53]---小说名称模糊查询验证--点击搜索跳转页面验证成功
----2025-07-08 09:19:48,765---移动端自动化测试框架日志对象---INFO---aaaaa.py:[34]---小说作者模糊查询验证--点击搜索跳转页面验证成功
----2025-07-08 09:19:55,855---移动端自动化测试框架日志对象---INFO---aaaaa.py:[53]---小说作者模糊查询验证--点击搜索跳转页面验证成功
----2025-07-08 09:21:24,034---移动端自动化测试框架日志对象---INFO---aaaaa.py:[34]---小说作者精确查询验证--点击搜索跳转页面验证成功
----2025-07-08 09:21:31,198---移动端自动化测试框架日志对象---INFO---aaaaa.py:[53]---小说作者精确查询验证--点击搜索跳转页面验证成功
----2025-07-08 09:39:08,695---移动端自动化测试框架日志对象---INFO---aaaaa.py:[37]---小说名称模糊查询验证--默认搜索内容存在验证失败
----2025-07-08 09:39:08,812---移动端自动化测试框架日志对象---INFO---aaaaa.py:[41]---小说名称模糊查询验证--点击搜索框跳转页面验证成功
----2025-07-08 09:39:08,905---移动端自动化测试框架日志对象---INFO---aaaaa.py:[45]---小说名称模糊查询验证--搜索历史验证查询成功
----2025-07-08 09:39:08,989---移动端自动化测试框架日志对象---INFO---aaaaa.py:[49]---小说名称模糊查询验证--热门榜单验证查询成功
----2025-07-08 09:39:53,368---移动端自动化测试框架日志对象---INFO---aaaaa.py:[37]---小说作者模糊查询验证--默认搜索内容存在验证失败
----2025-07-08 09:39:53,414---移动端自动化测试框架日志对象---INFO---aaaaa.py:[41]---小说作者模糊查询验证--点击搜索框跳转页面验证成功
----2025-07-08 09:39:53,470---移动端自动化测试框架日志对象---INFO---aaaaa.py:[45]---小说作者模糊查询验证--搜索历史验证查询成功
----2025-07-08 09:39:53,517---移动端自动化测试框架日志对象---INFO---aaaaa.py:[49]---小说作者模糊查询验证--热门榜单验证查询成功
----2025-07-08 09:40:00,033---移动端自动化测试框架日志对象---INFO---aaaaa.py:[66]---小说作者模糊查询验证--点击搜索跳转页面验证成功
----2025-07-08 09:40:45,714---移动端自动化测试框架日志对象---INFO---aaaaa.py:[37]---小说名称精确查询验证--默认搜索内容存在验证失败
----2025-07-08 09:40:45,797---移动端自动化测试框架日志对象---INFO---aaaaa.py:[41]---小说名称精确查询验证--点击搜索框跳转页面验证成功
----2025-07-08 09:40:45,876---移动端自动化测试框架日志对象---INFO---aaaaa.py:[45]---小说名称精确查询验证--搜索历史验证查询成功
----2025-07-08 09:40:45,933---移动端自动化测试框架日志对象---INFO---aaaaa.py:[49]---小说名称精确查询验证--热门榜单验证查询成功
----2025-07-08 09:40:52,462---移动端自动化测试框架日志对象---INFO---aaaaa.py:[66]---小说名称精确查询验证--点击搜索跳转页面验证成功
----2025-07-08 09:41:36,549---移动端自动化测试框架日志对象---INFO---aaaaa.py:[37]---小说作者精确查询验证--默认搜索内容存在验证失败
----2025-07-08 09:41:36,621---移动端自动化测试框架日志对象---INFO---aaaaa.py:[41]---小说作者精确查询验证--点击搜索框跳转页面验证成功
----2025-07-08 09:41:36,675---移动端自动化测试框架日志对象---INFO---aaaaa.py:[45]---小说作者精确查询验证--搜索历史验证查询成功
----2025-07-08 09:41:36,736---移动端自动化测试框架日志对象---INFO---aaaaa.py:[49]---小说作者精确查询验证--热门榜单验证查询成功
----2025-07-08 09:41:43,229---移动端自动化测试框架日志对象---INFO---aaaaa.py:[66]---小说作者精确查询验证--点击搜索跳转页面验证成功
----2025-07-08 10:30:52,809---移动端自动化测试框架日志对象---ERROR---aaaaa.py:[88]---未找到文本为“random_element”的元素，页面跳转验证失败
----2025-07-08 10:39:39,706---移动端自动化测试框架日志对象---ERROR---aaaaa.py:[99]---未找到文本为“完本榜”的元素，页面跳转验证失败
----2025-07-08 10:43:10,383---移动端自动化测试框架日志对象---ERROR---aaaaa.py:[94]---未找到文本为“完本榜”的元素，页面跳转验证失败
----2025-07-08 10:44:15,624---移动端自动化测试框架日志对象---ERROR---aaaaa.py:[94]---未找到文本为“口碑榜”的元素，页面跳转验证失败
----2025-07-08 11:05:41,152---移动端自动化测试框架日志对象---INFO---aaaaa.py:[92]---成功找到文本为“口碑榜”的元素，页面跳转验证成功
----2025-07-08 11:05:52,548---移动端自动化测试框架日志对象---INFO---aaaaa.py:[108]---成功找到文本为“经典”的元素，页面跳转验证成功
----2025-07-08 14:09:50,063---移动端自动化测试框架日志对象---INFO---aaaaa.py:[92]---成功找到文本为“口碑榜”的元素，页面跳转验证成功
----2025-07-08 14:10:01,931---移动端自动化测试框架日志对象---INFO---aaaaa.py:[108]---成功找到文本为“知识”的元素，页面跳转验证成功
----2025-07-08 14:26:53,452---移动端自动化测试框架日志对象---INFO---aaaaa.py:[92]---成功找到文本为“口碑榜”的元素，页面跳转验证成功
----2025-07-08 14:27:04,801---移动端自动化测试框架日志对象---INFO---aaaaa.py:[108]---成功找到文本为“知识”的元素，页面跳转验证成功
----2025-07-08 14:27:11,124---移动端自动化测试框架日志对象---ERROR---aaaaa.py:[123]---未找到文本为“新书榜”的元素，页面跳转验证失败
----2025-07-08 14:31:17,585---移动端自动化测试框架日志对象---INFO---aaaaa.py:[92]---成功找到文本为“口碑榜”的元素，页面跳转验证成功
----2025-07-08 14:31:28,937---移动端自动化测试框架日志对象---INFO---aaaaa.py:[108]---成功找到文本为“知识”的元素，页面跳转验证成功
----2025-07-08 14:31:35,269---移动端自动化测试框架日志对象---ERROR---aaaaa.py:[123]---未找到文本为“新书榜”的元素，页面跳转验证失败
----2025-07-08 14:31:41,666---移动端自动化测试框架日志对象---ERROR---aaaaa.py:[136]---未找到文本为“新书榜”的元素，页面跳转验证失败
----2025-07-08 14:33:48,888---移动端自动化测试框架日志对象---INFO---aaaaa.py:[92]---成功找到文本为“口碑榜”的元素，页面跳转验证成功
----2025-07-08 14:34:00,290---移动端自动化测试框架日志对象---INFO---aaaaa.py:[108]---成功找到文本为“知识”的元素，页面跳转验证成功
----2025-07-08 14:34:06,795---移动端自动化测试框架日志对象---ERROR---aaaaa.py:[123]---未找到文本为“新书榜”的元素，页面跳转验证失败
----2025-07-08 14:34:13,270---移动端自动化测试框架日志对象---ERROR---aaaaa.py:[136]---未找到文本为“新书榜”的元素，页面跳转验证失败
----2025-07-08 14:35:37,466---移动端自动化测试框架日志对象---INFO---aaaaa.py:[92]---成功找到文本为“口碑榜”的元素，页面跳转验证成功
----2025-07-08 14:35:48,808---移动端自动化测试框架日志对象---INFO---aaaaa.py:[108]---成功找到文本为“知识”的元素，页面跳转验证成功
----2025-07-08 14:35:55,200---移动端自动化测试框架日志对象---ERROR---aaaaa.py:[123]---未找到文本为“新书榜”的元素，页面跳转验证失败
----2025-07-08 14:36:02,144---移动端自动化测试框架日志对象---ERROR---aaaaa.py:[136]---未找到文本为“新书榜”的元素，页面跳转验证失败
----2025-07-08 14:42:50,997---移动端自动化测试框架日志对象---INFO---aaaaa.py:[92]---成功找到文本为“口碑榜”的元素，页面跳转验证成功
----2025-07-08 14:43:02,598---移动端自动化测试框架日志对象---INFO---aaaaa.py:[108]---成功找到文本为“知识”的元素，页面跳转验证成功
----2025-07-08 14:43:08,896---移动端自动化测试框架日志对象---ERROR---aaaaa.py:[123]---未找到文本为“新书榜”的元素，页面跳转验证失败
----2025-07-08 14:43:15,320---移动端自动化测试框架日志对象---ERROR---aaaaa.py:[137]---未找到文本为“新书榜”的元素，页面跳转验证失败
----2025-07-08 14:47:57,697---移动端自动化测试框架日志对象---INFO---aaaaa.py:[92]---成功找到文本为“口碑榜”的元素，页面跳转验证成功
----2025-07-08 14:48:09,050---移动端自动化测试框架日志对象---INFO---aaaaa.py:[108]---成功找到文本为“知识”的元素，页面跳转验证成功
----2025-07-08 14:48:15,342---移动端自动化测试框架日志对象---INFO---aaaaa.py:[121]---成功找到文本为“新书榜”的元素，页面跳转验证成功
----2025-07-08 14:48:22,445---移动端自动化测试框架日志对象---INFO---aaaaa.py:[135]---成功找到文本为“新书榜”的元素，页面跳转验证成功
----2025-07-08 15:03:21,953---移动端自动化测试框架日志对象---INFO---aaaaa.py:[91]---榜单功能随机抽取验证--成功找到文本为“口碑榜”的元素，页面跳转验证成功
----2025-07-08 15:03:33,257---移动端自动化测试框架日志对象---INFO---aaaaa.py:[107]---榜单功能随机抽取验证--成功找到文本为“知识”的元素，页面跳转验证成功
----2025-07-08 15:03:40,182---移动端自动化测试框架日志对象---INFO---aaaaa.py:[120]---榜单功能随机抽取验证--成功找到文本为“新书榜”的元素，页面跳转验证成功
----2025-07-08 16:27:12,834---移动端自动化测试框架日志对象---INFO---aaaaa.py:[151]---分类功能随机抽取验证--成功找到文本为“推荐”的元素，页面跳转验证成功
----2025-07-08 17:13:37,175---移动端自动化测试框架日志对象---INFO---aaaaa.py:[153]---分类功能随机抽取验证--成功找到文本为“福利”的元素，页面跳转验证成功
----2025-07-08 17:25:22,286---移动端自动化测试框架日志对象---WARNING---aaaaa.py:[142]---分类功能随机抽取验证--分页功能跳转失败，未找到分类列表元素
