----2025-07-09 08:11:48,389---移动端自动化测试框架日志对象---WARNING---aaaaa.py:[142]---分类功能随机抽取验证--分页功能跳转失败，未找到分类列表元素
----2025-07-09 08:15:34,135---移动端自动化测试框架日志对象---INFO---aaaaa.py:[140]---分类功能随机抽取验证--分页功能跳转页面验证成功
----2025-07-09 08:18:05,678---移动端自动化测试框架日志对象---INFO---aaaaa.py:[140]---分类功能随机抽取验证--分页功能跳转页面验证成功
----2025-07-09 08:18:13,019---移动端自动化测试框架日志对象---INFO---aaaaa.py:[155]---分类功能随机抽取验证--成功找到文本为“福利”的元素，页面跳转验证成功
----2025-07-09 08:21:33,362---移动端自动化测试框架日志对象---INFO---aaaaa.py:[140]---分类功能随机抽取验证--分页功能跳转页面验证成功
----2025-07-09 08:21:40,060---移动端自动化测试框架日志对象---INFO---aaaaa.py:[157]---分类功能随机抽取验证--成功找到文本为“福利”的元素，页面跳转验证成功
----2025-07-09 08:26:41,549---移动端自动化测试框架日志对象---INFO---aaaaa.py:[140]---分类功能随机抽取验证--分页功能跳转页面验证成功
----2025-07-09 08:51:17,908---移动端自动化测试框架日志对象---INFO---aaaaa.py:[140]---分类功能随机抽取验证--分页功能跳转页面验证成功
----2025-07-09 08:54:30,553---移动端自动化测试框架日志对象---INFO---aaaaa.py:[140]---分类功能随机抽取验证--分页功能跳转页面验证成功
----2025-07-09 09:02:51,752---移动端自动化测试框架日志对象---INFO---aaaaa.py:[140]---分类功能随机抽取验证--分页功能跳转页面验证成功
----2025-07-09 09:22:16,571---移动端自动化测试框架日志对象---INFO---aaaaa.py:[140]---分类功能随机抽取验证--分页功能跳转页面验证成功
----2025-07-09 09:27:16,013---移动端自动化测试框架日志对象---INFO---aaaaa.py:[36]---小说名称模糊查询验证--默认搜索内容存在验证成功
----2025-07-09 09:27:16,069---移动端自动化测试框架日志对象---INFO---aaaaa.py:[42]---小说名称模糊查询验证--点击搜索框跳转页面验证成功
----2025-07-09 09:27:16,115---移动端自动化测试框架日志对象---INFO---aaaaa.py:[46]---小说名称模糊查询验证--搜索历史验证查询成功
----2025-07-09 09:27:16,157---移动端自动化测试框架日志对象---INFO---aaaaa.py:[50]---小说名称模糊查询验证--热门榜单验证查询成功
----2025-07-09 09:27:21,923---移动端自动化测试框架日志对象---INFO---aaaaa.py:[61]---小说名称模糊查询验证--未点搜索跳转页面验证成功
----2025-07-09 09:27:22,725---移动端自动化测试框架日志对象---INFO---aaaaa.py:[67]---小说名称模糊查询验证--点击搜索跳转页面验证成功
----2025-07-09 09:28:05,887---移动端自动化测试框架日志对象---INFO---aaaaa.py:[36]---小说作者模糊查询验证--默认搜索内容存在验证成功
----2025-07-09 09:28:05,957---移动端自动化测试框架日志对象---INFO---aaaaa.py:[42]---小说作者模糊查询验证--点击搜索框跳转页面验证成功
----2025-07-09 09:28:06,013---移动端自动化测试框架日志对象---INFO---aaaaa.py:[46]---小说作者模糊查询验证--搜索历史验证查询成功
----2025-07-09 09:28:06,065---移动端自动化测试框架日志对象---INFO---aaaaa.py:[50]---小说作者模糊查询验证--热门榜单验证查询成功
----2025-07-09 09:28:47,127---移动端自动化测试框架日志对象---INFO---aaaaa.py:[36]---小说名称精确查询验证--默认搜索内容存在验证成功
----2025-07-09 09:28:47,215---移动端自动化测试框架日志对象---INFO---aaaaa.py:[42]---小说名称精确查询验证--点击搜索框跳转页面验证成功
----2025-07-09 09:28:47,276---移动端自动化测试框架日志对象---INFO---aaaaa.py:[46]---小说名称精确查询验证--搜索历史验证查询成功
----2025-07-09 09:28:47,346---移动端自动化测试框架日志对象---INFO---aaaaa.py:[50]---小说名称精确查询验证--热门榜单验证查询成功
----2025-07-09 09:28:53,844---移动端自动化测试框架日志对象---INFO---aaaaa.py:[67]---小说名称精确查询验证--点击搜索跳转页面验证成功
----2025-07-09 09:30:30,183---移动端自动化测试框架日志对象---INFO---aaaaa.py:[91]---榜单功能随机抽取验证--成功找到文本为“口碑榜”的元素，页面跳转验证成功
----2025-07-09 09:30:42,038---移动端自动化测试框架日志对象---INFO---aaaaa.py:[107]---榜单功能随机抽取验证--成功找到文本为“知识”的元素，页面跳转验证成功
----2025-07-09 09:30:48,285---移动端自动化测试框架日志对象---INFO---aaaaa.py:[120]---榜单功能随机抽取验证--成功找到文本为“新书榜”的元素，页面跳转验证成功
----2025-07-09 09:34:52,138---移动端自动化测试框架日志对象---INFO---aaaaa.py:[36]---小说名称模糊查询验证--默认搜索内容存在验证成功
----2025-07-09 09:34:52,216---移动端自动化测试框架日志对象---INFO---aaaaa.py:[42]---小说名称模糊查询验证--点击搜索框跳转页面验证成功
----2025-07-09 09:34:52,281---移动端自动化测试框架日志对象---INFO---aaaaa.py:[46]---小说名称模糊查询验证--搜索历史验证查询成功
----2025-07-09 09:34:52,355---移动端自动化测试框架日志对象---INFO---aaaaa.py:[50]---小说名称模糊查询验证--热门榜单验证查询成功
----2025-07-09 09:34:58,076---移动端自动化测试框架日志对象---INFO---aaaaa.py:[61]---小说名称模糊查询验证--未点搜索跳转页面验证成功
----2025-07-09 09:34:59,353---移动端自动化测试框架日志对象---INFO---aaaaa.py:[67]---小说名称模糊查询验证--点击搜索跳转页面验证成功
----2025-07-09 09:35:40,186---移动端自动化测试框架日志对象---INFO---aaaaa.py:[36]---小说作者模糊查询验证--默认搜索内容存在验证成功
----2025-07-09 09:35:40,263---移动端自动化测试框架日志对象---INFO---aaaaa.py:[42]---小说作者模糊查询验证--点击搜索框跳转页面验证成功
----2025-07-09 09:35:40,335---移动端自动化测试框架日志对象---INFO---aaaaa.py:[46]---小说作者模糊查询验证--搜索历史验证查询成功
----2025-07-09 09:35:40,403---移动端自动化测试框架日志对象---INFO---aaaaa.py:[50]---小说作者模糊查询验证--热门榜单验证查询成功
----2025-07-09 09:35:46,156---移动端自动化测试框架日志对象---INFO---aaaaa.py:[61]---小说作者模糊查询验证--未点搜索跳转页面验证成功
----2025-07-09 09:35:47,439---移动端自动化测试框架日志对象---INFO---aaaaa.py:[67]---小说作者模糊查询验证--点击搜索跳转页面验证成功
----2025-07-09 09:36:31,768---移动端自动化测试框架日志对象---INFO---aaaaa.py:[36]---小说名称精确查询验证--默认搜索内容存在验证成功
----2025-07-09 09:36:31,839---移动端自动化测试框架日志对象---INFO---aaaaa.py:[42]---小说名称精确查询验证--点击搜索框跳转页面验证成功
----2025-07-09 09:36:31,899---移动端自动化测试框架日志对象---INFO---aaaaa.py:[46]---小说名称精确查询验证--搜索历史验证查询成功
----2025-07-09 09:36:31,954---移动端自动化测试框架日志对象---INFO---aaaaa.py:[50]---小说名称精确查询验证--热门榜单验证查询成功
----2025-07-09 09:36:37,656---移动端自动化测试框架日志对象---INFO---aaaaa.py:[61]---小说名称精确查询验证--未点搜索跳转页面验证成功
----2025-07-09 09:36:38,927---移动端自动化测试框架日志对象---INFO---aaaaa.py:[67]---小说名称精确查询验证--点击搜索跳转页面验证成功
----2025-07-09 09:37:21,296---移动端自动化测试框架日志对象---INFO---aaaaa.py:[36]---小说作者精确查询验证--默认搜索内容存在验证成功
----2025-07-09 09:37:21,347---移动端自动化测试框架日志对象---INFO---aaaaa.py:[42]---小说作者精确查询验证--点击搜索框跳转页面验证成功
----2025-07-09 09:37:21,406---移动端自动化测试框架日志对象---INFO---aaaaa.py:[46]---小说作者精确查询验证--搜索历史验证查询成功
----2025-07-09 09:37:21,456---移动端自动化测试框架日志对象---INFO---aaaaa.py:[50]---小说作者精确查询验证--热门榜单验证查询成功
----2025-07-09 09:37:27,820---移动端自动化测试框架日志对象---INFO---aaaaa.py:[61]---小说作者精确查询验证--未点搜索跳转页面验证成功
----2025-07-09 09:37:29,064---移动端自动化测试框架日志对象---INFO---aaaaa.py:[67]---小说作者精确查询验证--点击搜索跳转页面验证成功
----2025-07-09 09:38:26,402---移动端自动化测试框架日志对象---INFO---aaaaa.py:[91]---榜单功能随机抽取验证--成功找到文本为“口碑榜”的元素，页面跳转验证成功
----2025-07-09 09:38:38,041---移动端自动化测试框架日志对象---INFO---aaaaa.py:[107]---榜单功能随机抽取验证--成功找到文本为“知识”的元素，页面跳转验证成功
----2025-07-09 09:38:44,728---移动端自动化测试框架日志对象---INFO---aaaaa.py:[120]---榜单功能随机抽取验证--成功找到文本为“新书榜”的元素，页面跳转验证成功
----2025-07-09 10:02:56,704---移动端自动化测试框架日志对象---INFO---aaaaa.py:[140]---分类功能随机抽取验证--分页功能跳转页面验证成功
----2025-07-09 10:05:05,927---移动端自动化测试框架日志对象---INFO---aaaaa.py:[140]---分类功能随机抽取验证--分页功能跳转页面验证成功
----2025-07-09 10:14:12,976---移动端自动化测试框架日志对象---INFO---aaaaa.py:[141]---分类功能随机抽取验证--分页功能跳转页面验证成功
----2025-07-09 10:25:26,647---移动端自动化测试框架日志对象---INFO---aaaaa.py:[141]---分类功能随机抽取验证--分页功能跳转页面验证成功
----2025-07-09 10:25:42,658---移动端自动化测试框架日志对象---INFO---aaaaa.py:[157]---分类功能随机抽取验证--成功找到文本为“主题”的元素，页面跳转验证成功
----2025-07-09 10:38:13,980---移动端自动化测试框架日志对象---INFO---aaaaa.py:[141]---分类功能随机抽取验证--分页功能跳转页面验证成功
----2025-07-09 10:38:29,973---移动端自动化测试框架日志对象---INFO---aaaaa.py:[158]---分类功能随机抽取验证--成功找到文本为“主题”的元素，页面跳转验证成功
----2025-07-09 10:46:57,946---移动端自动化测试框架日志对象---INFO---aaaaa.py:[141]---分类功能随机抽取验证--分页功能跳转页面验证成功
----2025-07-09 10:47:13,941---移动端自动化测试框架日志对象---INFO---aaaaa.py:[158]---分类功能随机抽取验证--成功找到文本为“主题”的元素，页面跳转验证成功
----2025-07-09 10:53:47,102---移动端自动化测试框架日志对象---INFO---aaaaa.py:[141]---分类功能随机抽取验证--分页功能跳转页面验证成功
----2025-07-09 10:54:03,084---移动端自动化测试框架日志对象---INFO---aaaaa.py:[158]---分类功能随机抽取验证--成功找到文本为“主题”的元素，页面跳转验证成功
----2025-07-09 11:00:48,185---移动端自动化测试框架日志对象---INFO---aaaaa.py:[141]---分类功能随机抽取验证--分页功能跳转页面验证成功
----2025-07-09 11:01:04,194---移动端自动化测试框架日志对象---INFO---aaaaa.py:[158]---分类功能随机抽取验证--成功找到文本为“主题”的元素，页面跳转验证成功
----2025-07-09 11:05:09,328---移动端自动化测试框架日志对象---INFO---aaaaa.py:[141]---分类功能随机抽取验证--分页功能跳转页面验证成功
----2025-07-09 11:05:25,297---移动端自动化测试框架日志对象---INFO---aaaaa.py:[158]---分类功能随机抽取验证--成功找到文本为“主题”的元素，页面跳转验证成功
----2025-07-09 11:10:11,307---移动端自动化测试框架日志对象---INFO---aaaaa.py:[141]---分类功能随机抽取验证--分页功能跳转页面验证成功
----2025-07-09 11:10:27,273---移动端自动化测试框架日志对象---INFO---aaaaa.py:[158]---分类功能随机抽取验证--成功找到文本为“主题”的元素，页面跳转验证成功
----2025-07-09 11:10:33,248---移动端自动化测试框架日志对象---ERROR---aaaaa.py:[182]---分类功能随机抽取验证--未找到文本为“抗战谍战”的元素，页面跳转验证失败
----2025-07-09 11:10:38,353---移动端自动化测试框架日志对象---INFO---aaaaa.py:[190]---分类功能随机抽取验证--默认搜索内容存在验证成功
----2025-07-09 11:18:40,333---移动端自动化测试框架日志对象---INFO---aaaaa.py:[141]---分类功能随机抽取验证--分页功能跳转页面验证成功
----2025-07-09 11:18:56,317---移动端自动化测试框架日志对象---INFO---aaaaa.py:[158]---分类功能随机抽取验证--成功找到文本为“主题”的元素，页面跳转验证成功
----2025-07-09 11:19:01,939---移动端自动化测试框架日志对象---INFO---aaaaa.py:[180]---分类功能随机抽取验证--成功找到文本为“体育”的元素，页面跳转验证成功
----2025-07-09 11:19:07,023---移动端自动化测试框架日志对象---INFO---aaaaa.py:[190]---分类功能随机抽取验证--默认搜索内容存在验证成功
----2025-07-09 11:19:13,234---移动端自动化测试框架日志对象---INFO---aaaaa.py:[207]---分类功能随机抽取验证--成功找到文本为“都市”的元素，页面跳转验证成功
----2025-07-09 11:21:57,381---移动端自动化测试框架日志对象---INFO---aaaaa.py:[141]---分类功能随机抽取验证--分页功能跳转页面验证成功
----2025-07-09 11:22:13,371---移动端自动化测试框架日志对象---INFO---aaaaa.py:[158]---分类功能随机抽取验证--成功找到文本为“主题”的元素，页面跳转验证成功
----2025-07-09 11:22:18,998---移动端自动化测试框架日志对象---INFO---aaaaa.py:[180]---分类功能随机抽取验证--成功找到文本为“体育”的元素，页面跳转验证成功
----2025-07-09 11:22:24,081---移动端自动化测试框架日志对象---INFO---aaaaa.py:[190]---分类功能随机抽取验证--默认搜索内容存在验证成功
----2025-07-09 11:22:30,320---移动端自动化测试框架日志对象---INFO---aaaaa.py:[207]---分类功能随机抽取验证--成功找到文本为“都市”的元素，页面跳转验证成功
----2025-07-09 11:22:35,840---移动端自动化测试框架日志对象---INFO---aaaaa.py:[222]---分类功能随机抽取验证--成功找到文本为“都市”的元素，页面跳转验证成功
----2025-07-09 11:24:37,173---移动端自动化测试框架日志对象---INFO---aaaaa.py:[141]---分类功能随机抽取验证--分页功能跳转页面验证成功
----2025-07-09 11:24:53,140---移动端自动化测试框架日志对象---INFO---aaaaa.py:[158]---分类功能随机抽取验证--成功找到文本为“主题”的元素，页面跳转验证成功
----2025-07-09 11:24:58,751---移动端自动化测试框架日志对象---INFO---aaaaa.py:[180]---分类功能随机抽取验证--成功找到文本为“都市”的元素，页面跳转验证成功
----2025-07-09 11:25:03,845---移动端自动化测试框架日志对象---INFO---aaaaa.py:[190]---分类功能随机抽取验证--默认搜索内容存在验证成功
----2025-07-09 14:33:32,346---移动端自动化测试框架日志对象---INFO---aaaaa.py:[141]---分类功能随机抽取验证--分页功能跳转页面验证成功
----2025-07-09 14:51:33,522---移动端自动化测试框架日志对象---INFO---aaaaa.py:[141]---分类功能随机抽取验证--分页功能跳转页面验证成功
----2025-07-09 14:54:26,392---移动端自动化测试框架日志对象---INFO---aaaaa.py:[141]---分类功能随机抽取验证--分页功能跳转页面验证成功
----2025-07-09 14:54:42,432---移动端自动化测试框架日志对象---INFO---aaaaa.py:[158]---分类功能随机抽取验证--成功找到文本为“主题”的元素，页面跳转验证成功
----2025-07-09 14:59:15,361---移动端自动化测试框架日志对象---INFO---aaaaa.py:[141]---分类功能随机抽取验证--分页功能跳转页面验证成功
----2025-07-09 14:59:31,381---移动端自动化测试框架日志对象---INFO---aaaaa.py:[158]---分类功能随机抽取验证--成功找到文本为“主题”的元素，页面跳转验证成功
----2025-07-09 14:59:37,056---移动端自动化测试框架日志对象---INFO---aaaaa.py:[180]---分类功能随机抽取验证--成功找到文本为“玄幻”的元素，页面跳转验证成功
----2025-07-09 14:59:42,161---移动端自动化测试框架日志对象---INFO---aaaaa.py:[190]---分类功能随机抽取验证--默认搜索内容存在验证成功
----2025-07-09 14:59:48,456---移动端自动化测试框架日志对象---INFO---aaaaa.py:[207]---分类功能随机抽取验证--成功找到文本为“10万字以内”的元素，页面跳转验证成功
----2025-07-09 15:02:00,517---移动端自动化测试框架日志对象---INFO---aaaaa.py:[141]---分类功能随机抽取验证--分页功能跳转页面验证成功
----2025-07-09 15:02:16,551---移动端自动化测试框架日志对象---INFO---aaaaa.py:[158]---分类功能随机抽取验证--成功找到文本为“主题”的元素，页面跳转验证成功
----2025-07-09 15:02:22,210---移动端自动化测试框架日志对象---INFO---aaaaa.py:[180]---分类功能随机抽取验证--成功找到文本为“玄幻”的元素，页面跳转验证成功
----2025-07-09 15:03:41,714---移动端自动化测试框架日志对象---INFO---aaaaa.py:[141]---分类功能随机抽取验证--分页功能跳转页面验证成功
----2025-07-09 15:03:57,680---移动端自动化测试框架日志对象---INFO---aaaaa.py:[158]---分类功能随机抽取验证--成功找到文本为“主题”的元素，页面跳转验证成功
----2025-07-09 15:04:03,369---移动端自动化测试框架日志对象---INFO---aaaaa.py:[180]---分类功能随机抽取验证--成功找到文本为“历史古代”的元素，页面跳转验证成功
----2025-07-09 15:04:08,470---移动端自动化测试框架日志对象---INFO---aaaaa.py:[190]---分类功能随机抽取验证--默认搜索内容存在验证成功
----2025-07-09 15:04:14,724---移动端自动化测试框架日志对象---INFO---aaaaa.py:[207]---分类功能随机抽取验证--成功找到文本为“三国”的元素，页面跳转验证成功
----2025-07-09 15:08:05,486---移动端自动化测试框架日志对象---INFO---aaaaa.py:[37]---小说名称模糊查询验证--默认搜索内容存在验证成功
----2025-07-09 15:08:05,549---移动端自动化测试框架日志对象---INFO---aaaaa.py:[43]---小说名称模糊查询验证--点击搜索框跳转页面验证成功
----2025-07-09 15:08:05,623---移动端自动化测试框架日志对象---INFO---aaaaa.py:[47]---小说名称模糊查询验证--搜索历史验证查询成功
----2025-07-09 15:08:05,673---移动端自动化测试框架日志对象---INFO---aaaaa.py:[51]---小说名称模糊查询验证--热门榜单验证查询成功
----2025-07-09 15:08:11,383---移动端自动化测试框架日志对象---INFO---aaaaa.py:[62]---小说名称模糊查询验证--未点搜索跳转页面验证成功
----2025-07-09 15:08:12,672---移动端自动化测试框架日志对象---INFO---aaaaa.py:[68]---小说名称模糊查询验证--点击搜索跳转页面验证成功
----2025-07-09 15:08:57,050---移动端自动化测试框架日志对象---INFO---aaaaa.py:[37]---小说作者模糊查询验证--默认搜索内容存在验证成功
----2025-07-09 15:08:57,125---移动端自动化测试框架日志对象---INFO---aaaaa.py:[43]---小说作者模糊查询验证--点击搜索框跳转页面验证成功
----2025-07-09 15:08:57,192---移动端自动化测试框架日志对象---INFO---aaaaa.py:[47]---小说作者模糊查询验证--搜索历史验证查询成功
----2025-07-09 15:08:57,262---移动端自动化测试框架日志对象---INFO---aaaaa.py:[51]---小说作者模糊查询验证--热门榜单验证查询成功
----2025-07-09 15:09:02,967---移动端自动化测试框架日志对象---INFO---aaaaa.py:[62]---小说作者模糊查询验证--未点搜索跳转页面验证成功
----2025-07-09 15:09:03,637---移动端自动化测试框架日志对象---INFO---aaaaa.py:[68]---小说作者模糊查询验证--点击搜索跳转页面验证成功
----2025-07-09 15:09:52,893---移动端自动化测试框架日志对象---INFO---aaaaa.py:[37]---小说名称精确查询验证--默认搜索内容存在验证成功
----2025-07-09 15:09:52,967---移动端自动化测试框架日志对象---INFO---aaaaa.py:[43]---小说名称精确查询验证--点击搜索框跳转页面验证成功
----2025-07-09 15:09:53,038---移动端自动化测试框架日志对象---INFO---aaaaa.py:[47]---小说名称精确查询验证--搜索历史验证查询成功
----2025-07-09 15:09:53,099---移动端自动化测试框架日志对象---INFO---aaaaa.py:[51]---小说名称精确查询验证--热门榜单验证查询成功
----2025-07-09 15:09:58,873---移动端自动化测试框架日志对象---INFO---aaaaa.py:[62]---小说名称精确查询验证--未点搜索跳转页面验证成功
----2025-07-09 15:10:00,167---移动端自动化测试框架日志对象---INFO---aaaaa.py:[68]---小说名称精确查询验证--点击搜索跳转页面验证成功
----2025-07-09 15:10:41,971---移动端自动化测试框架日志对象---INFO---aaaaa.py:[37]---小说作者精确查询验证--默认搜索内容存在验证成功
----2025-07-09 15:10:42,064---移动端自动化测试框架日志对象---INFO---aaaaa.py:[43]---小说作者精确查询验证--点击搜索框跳转页面验证成功
----2025-07-09 15:10:42,140---移动端自动化测试框架日志对象---INFO---aaaaa.py:[47]---小说作者精确查询验证--搜索历史验证查询成功
----2025-07-09 15:10:42,214---移动端自动化测试框架日志对象---INFO---aaaaa.py:[51]---小说作者精确查询验证--热门榜单验证查询成功
----2025-07-09 15:10:47,947---移动端自动化测试框架日志对象---INFO---aaaaa.py:[62]---小说作者精确查询验证--未点搜索跳转页面验证成功
----2025-07-09 15:10:49,267---移动端自动化测试框架日志对象---INFO---aaaaa.py:[68]---小说作者精确查询验证--点击搜索跳转页面验证成功
----2025-07-09 15:11:45,703---移动端自动化测试框架日志对象---INFO---aaaaa.py:[92]---榜单功能随机抽取验证--成功找到文本为“口碑榜”的元素，页面跳转验证成功
----2025-07-09 15:11:57,799---移动端自动化测试框架日志对象---INFO---aaaaa.py:[108]---榜单功能随机抽取验证--成功找到文本为“知识”的元素，页面跳转验证成功
----2025-07-09 15:12:04,624---移动端自动化测试框架日志对象---INFO---aaaaa.py:[121]---榜单功能随机抽取验证--成功找到文本为“新书榜”的元素，页面跳转验证成功
----2025-07-09 15:12:49,744---移动端自动化测试框架日志对象---INFO---aaaaa.py:[141]---分类功能随机抽取验证--分页功能跳转页面验证成功
----2025-07-09 15:13:05,724---移动端自动化测试框架日志对象---INFO---aaaaa.py:[158]---分类功能随机抽取验证--成功找到文本为“主题”的元素，页面跳转验证成功
----2025-07-09 15:13:11,402---移动端自动化测试框架日志对象---INFO---aaaaa.py:[180]---分类功能随机抽取验证--成功找到文本为“规则怪谈”的元素，页面跳转验证成功
----2025-07-09 15:13:16,487---移动端自动化测试框架日志对象---INFO---aaaaa.py:[190]---分类功能随机抽取验证--默认搜索内容存在验证成功
----2025-07-09 15:13:22,755---移动端自动化测试框架日志对象---INFO---aaaaa.py:[207]---分类功能随机抽取验证--成功找到文本为“副本”的元素，页面跳转验证成功
